Started GET "/" for 114.188.237.229 at 2021-06-01 03:37:24 +0000
Cannot render console from 114.188.237.229! Allowed networks: 127.0.0.1, ::1, 127.0.0.0/127.255.255.255
  
ActiveRecord::PendingMigrationError (

Migrations are pending. To resolve this issue, run:

        bin/rails db:migrate RAILS_ENV=development

):
  
activerecord (5.2.5) lib/active_record/migration.rb:579:in `check_pending!'
activerecord (5.2.5) lib/active_record/migration.rb:556:in `call'
actionpack (5.2.5) lib/action_dispatch/middleware/callbacks.rb:28:in `block in call'
activesupport (5.2.5) lib/active_support/callbacks.rb:98:in `run_callbacks'
actionpack (5.2.5) lib/action_dispatch/middleware/callbacks.rb:26:in `call'
actionpack (5.2.5) lib/action_dispatch/middleware/executor.rb:14:in `call'
actionpack (5.2.5) lib/action_dispatch/middleware/debug_exceptions.rb:61:in `call'
web-console (3.7.0) lib/web_console/middleware.rb:135:in `call_app'
web-console (3.7.0) lib/web_console/middleware.rb:22:in `block in call'
web-console (3.7.0) lib/web_console/middleware.rb:20:in `catch'
web-console (3.7.0) lib/web_console/middleware.rb:20:in `call'
actionpack (5.2.5) lib/action_dispatch/middleware/show_exceptions.rb:33:in `call'
railties (5.2.5) lib/rails/rack/logger.rb:38:in `call_app'
railties (5.2.5) lib/rails/rack/logger.rb:26:in `block in call'
activesupport (5.2.5) lib/active_support/tagged_logging.rb:71:in `block in tagged'
activesupport (5.2.5) lib/active_support/tagged_logging.rb:28:in `tagged'
activesupport (5.2.5) lib/active_support/tagged_logging.rb:71:in `tagged'
railties (5.2.5) lib/rails/rack/logger.rb:26:in `call'
sprockets-rails (3.2.2) lib/sprockets/rails/quiet_assets.rb:13:in `call'
actionpack (5.2.5) lib/action_dispatch/middleware/remote_ip.rb:81:in `call'
actionpack (5.2.5) lib/action_dispatch/middleware/request_id.rb:27:in `call'
rack (2.2.3) lib/rack/method_override.rb:24:in `call'
rack (2.2.3) lib/rack/runtime.rb:22:in `call'
activesupport (5.2.5) lib/active_support/cache/strategy/local_cache_middleware.rb:29:in `call'
actionpack (5.2.5) lib/action_dispatch/middleware/executor.rb:14:in `call'
actionpack (5.2.5) lib/action_dispatch/middleware/static.rb:127:in `call'
rack (2.2.3) lib/rack/sendfile.rb:110:in `call'
railties (5.2.5) lib/rails/engine.rb:524:in `call'
puma (3.12.6) lib/puma/configuration.rb:227:in `call'
puma (3.12.6) lib/puma/server.rb:706:in `handle_request'
puma (3.12.6) lib/puma/server.rb:476:in `process_client'
puma (3.12.6) lib/puma/server.rb:334:in `block in run'
puma (3.12.6) lib/puma/thread_pool.rb:135:in `block in spawn_thread'
Started GET "/" for 114.188.237.229 at 2021-06-01 03:37:26 +0000
Cannot render console from 114.188.237.229! Allowed networks: 127.0.0.1, ::1, 127.0.0.0/127.255.255.255
  
ActiveRecord::PendingMigrationError (

Migrations are pending. To resolve this issue, run:

        bin/rails db:migrate RAILS_ENV=development

):
  
activerecord (5.2.5) lib/active_record/migration.rb:579:in `check_pending!'
activerecord (5.2.5) lib/active_record/migration.rb:556:in `call'
actionpack (5.2.5) lib/action_dispatch/middleware/callbacks.rb:28:in `block in call'
activesupport (5.2.5) lib/active_support/callbacks.rb:98:in `run_callbacks'
actionpack (5.2.5) lib/action_dispatch/middleware/callbacks.rb:26:in `call'
actionpack (5.2.5) lib/action_dispatch/middleware/executor.rb:14:in `call'
actionpack (5.2.5) lib/action_dispatch/middleware/debug_exceptions.rb:61:in `call'
web-console (3.7.0) lib/web_console/middleware.rb:135:in `call_app'
web-console (3.7.0) lib/web_console/middleware.rb:22:in `block in call'
web-console (3.7.0) lib/web_console/middleware.rb:20:in `catch'
web-console (3.7.0) lib/web_console/middleware.rb:20:in `call'
actionpack (5.2.5) lib/action_dispatch/middleware/show_exceptions.rb:33:in `call'
railties (5.2.5) lib/rails/rack/logger.rb:38:in `call_app'
railties (5.2.5) lib/rails/rack/logger.rb:26:in `block in call'
activesupport (5.2.5) lib/active_support/tagged_logging.rb:71:in `block in tagged'
activesupport (5.2.5) lib/active_support/tagged_logging.rb:28:in `tagged'
activesupport (5.2.5) lib/active_support/tagged_logging.rb:71:in `tagged'
railties (5.2.5) lib/rails/rack/logger.rb:26:in `call'
sprockets-rails (3.2.2) lib/sprockets/rails/quiet_assets.rb:13:in `call'
actionpack (5.2.5) lib/action_dispatch/middleware/remote_ip.rb:81:in `call'
actionpack (5.2.5) lib/action_dispatch/middleware/request_id.rb:27:in `call'
rack (2.2.3) lib/rack/method_override.rb:24:in `call'
rack (2.2.3) lib/rack/runtime.rb:22:in `call'
activesupport (5.2.5) lib/active_support/cache/strategy/local_cache_middleware.rb:29:in `call'
actionpack (5.2.5) lib/action_dispatch/middleware/executor.rb:14:in `call'
actionpack (5.2.5) lib/action_dispatch/middleware/static.rb:127:in `call'
rack (2.2.3) lib/rack/sendfile.rb:110:in `call'
railties (5.2.5) lib/rails/engine.rb:524:in `call'
puma (3.12.6) lib/puma/configuration.rb:227:in `call'
puma (3.12.6) lib/puma/server.rb:706:in `handle_request'
puma (3.12.6) lib/puma/server.rb:476:in `process_client'
puma (3.12.6) lib/puma/server.rb:334:in `block in run'
puma (3.12.6) lib/puma/thread_pool.rb:135:in `block in spawn_thread'
Started GET "/" for 114.188.237.229 at 2021-06-01 03:38:15 +0000
Cannot render console from 114.188.237.229! Allowed networks: 127.0.0.1, ::1, 127.0.0.0/127.255.255.255
  
ActiveRecord::PendingMigrationError (

Migrations are pending. To resolve this issue, run:

        bin/rails db:migrate RAILS_ENV=development

):
  
activerecord (5.2.5) lib/active_record/migration.rb:579:in `check_pending!'
activerecord (5.2.5) lib/active_record/migration.rb:556:in `call'
actionpack (5.2.5) lib/action_dispatch/middleware/callbacks.rb:28:in `block in call'
activesupport (5.2.5) lib/active_support/callbacks.rb:98:in `run_callbacks'
actionpack (5.2.5) lib/action_dispatch/middleware/callbacks.rb:26:in `call'
actionpack (5.2.5) lib/action_dispatch/middleware/executor.rb:14:in `call'
actionpack (5.2.5) lib/action_dispatch/middleware/debug_exceptions.rb:61:in `call'
web-console (3.7.0) lib/web_console/middleware.rb:135:in `call_app'
web-console (3.7.0) lib/web_console/middleware.rb:22:in `block in call'
web-console (3.7.0) lib/web_console/middleware.rb:20:in `catch'
web-console (3.7.0) lib/web_console/middleware.rb:20:in `call'
actionpack (5.2.5) lib/action_dispatch/middleware/show_exceptions.rb:33:in `call'
railties (5.2.5) lib/rails/rack/logger.rb:38:in `call_app'
railties (5.2.5) lib/rails/rack/logger.rb:26:in `block in call'
activesupport (5.2.5) lib/active_support/tagged_logging.rb:71:in `block in tagged'
activesupport (5.2.5) lib/active_support/tagged_logging.rb:28:in `tagged'
activesupport (5.2.5) lib/active_support/tagged_logging.rb:71:in `tagged'
railties (5.2.5) lib/rails/rack/logger.rb:26:in `call'
sprockets-rails (3.2.2) lib/sprockets/rails/quiet_assets.rb:13:in `call'
actionpack (5.2.5) lib/action_dispatch/middleware/remote_ip.rb:81:in `call'
actionpack (5.2.5) lib/action_dispatch/middleware/request_id.rb:27:in `call'
rack (2.2.3) lib/rack/method_override.rb:24:in `call'
rack (2.2.3) lib/rack/runtime.rb:22:in `call'
activesupport (5.2.5) lib/active_support/cache/strategy/local_cache_middleware.rb:29:in `call'
actionpack (5.2.5) lib/action_dispatch/middleware/executor.rb:14:in `call'
actionpack (5.2.5) lib/action_dispatch/middleware/static.rb:127:in `call'
rack (2.2.3) lib/rack/sendfile.rb:110:in `call'
railties (5.2.5) lib/rails/engine.rb:524:in `call'
puma (3.12.6) lib/puma/configuration.rb:227:in `call'
puma (3.12.6) lib/puma/server.rb:706:in `handle_request'
puma (3.12.6) lib/puma/server.rb:476:in `process_client'
puma (3.12.6) lib/puma/server.rb:334:in `block in run'
puma (3.12.6) lib/puma/thread_pool.rb:135:in `block in spawn_thread'
Started GET "/" for 114.188.237.229 at 2021-06-01 03:38:29 +0000
Cannot render console from 114.188.237.229! Allowed networks: 127.0.0.1, ::1, 127.0.0.0/127.255.255.255
  
ActiveRecord::PendingMigrationError (

Migrations are pending. To resolve this issue, run:

        bin/rails db:migrate RAILS_ENV=development

):
  
activerecord (5.2.5) lib/active_record/migration.rb:579:in `check_pending!'
activerecord (5.2.5) lib/active_record/migration.rb:556:in `call'
actionpack (5.2.5) lib/action_dispatch/middleware/callbacks.rb:28:in `block in call'
activesupport (5.2.5) lib/active_support/callbacks.rb:98:in `run_callbacks'
actionpack (5.2.5) lib/action_dispatch/middleware/callbacks.rb:26:in `call'
actionpack (5.2.5) lib/action_dispatch/middleware/executor.rb:14:in `call'
actionpack (5.2.5) lib/action_dispatch/middleware/debug_exceptions.rb:61:in `call'
web-console (3.7.0) lib/web_console/middleware.rb:135:in `call_app'
web-console (3.7.0) lib/web_console/middleware.rb:22:in `block in call'
web-console (3.7.0) lib/web_console/middleware.rb:20:in `catch'
web-console (3.7.0) lib/web_console/middleware.rb:20:in `call'
actionpack (5.2.5) lib/action_dispatch/middleware/show_exceptions.rb:33:in `call'
railties (5.2.5) lib/rails/rack/logger.rb:38:in `call_app'
railties (5.2.5) lib/rails/rack/logger.rb:26:in `block in call'
activesupport (5.2.5) lib/active_support/tagged_logging.rb:71:in `block in tagged'
activesupport (5.2.5) lib/active_support/tagged_logging.rb:28:in `tagged'
activesupport (5.2.5) lib/active_support/tagged_logging.rb:71:in `tagged'
railties (5.2.5) lib/rails/rack/logger.rb:26:in `call'
sprockets-rails (3.2.2) lib/sprockets/rails/quiet_assets.rb:13:in `call'
actionpack (5.2.5) lib/action_dispatch/middleware/remote_ip.rb:81:in `call'
actionpack (5.2.5) lib/action_dispatch/middleware/request_id.rb:27:in `call'
rack (2.2.3) lib/rack/method_override.rb:24:in `call'
rack (2.2.3) lib/rack/runtime.rb:22:in `call'
activesupport (5.2.5) lib/active_support/cache/strategy/local_cache_middleware.rb:29:in `call'
actionpack (5.2.5) lib/action_dispatch/middleware/executor.rb:14:in `call'
actionpack (5.2.5) lib/action_dispatch/middleware/static.rb:127:in `call'
rack (2.2.3) lib/rack/sendfile.rb:110:in `call'
railties (5.2.5) lib/rails/engine.rb:524:in `call'
puma (3.12.6) lib/puma/configuration.rb:227:in `call'
puma (3.12.6) lib/puma/server.rb:706:in `handle_request'
puma (3.12.6) lib/puma/server.rb:476:in `process_client'
puma (3.12.6) lib/puma/server.rb:334:in `block in run'
puma (3.12.6) lib/puma/thread_pool.rb:135:in `block in spawn_thread'
Started GET "/" for 114.188.237.229 at 2021-06-01 03:38:31 +0000
Cannot render console from 114.188.237.229! Allowed networks: 127.0.0.1, ::1, 127.0.0.0/127.255.255.255
  
ActiveRecord::PendingMigrationError (

Migrations are pending. To resolve this issue, run:

        bin/rails db:migrate RAILS_ENV=development

):
  
activerecord (5.2.5) lib/active_record/migration.rb:579:in `check_pending!'
activerecord (5.2.5) lib/active_record/migration.rb:556:in `call'
actionpack (5.2.5) lib/action_dispatch/middleware/callbacks.rb:28:in `block in call'
activesupport (5.2.5) lib/active_support/callbacks.rb:98:in `run_callbacks'
actionpack (5.2.5) lib/action_dispatch/middleware/callbacks.rb:26:in `call'
actionpack (5.2.5) lib/action_dispatch/middleware/executor.rb:14:in `call'
actionpack (5.2.5) lib/action_dispatch/middleware/debug_exceptions.rb:61:in `call'
web-console (3.7.0) lib/web_console/middleware.rb:135:in `call_app'
web-console (3.7.0) lib/web_console/middleware.rb:22:in `block in call'
web-console (3.7.0) lib/web_console/middleware.rb:20:in `catch'
web-console (3.7.0) lib/web_console/middleware.rb:20:in `call'
actionpack (5.2.5) lib/action_dispatch/middleware/show_exceptions.rb:33:in `call'
railties (5.2.5) lib/rails/rack/logger.rb:38:in `call_app'
railties (5.2.5) lib/rails/rack/logger.rb:26:in `block in call'
activesupport (5.2.5) lib/active_support/tagged_logging.rb:71:in `block in tagged'
activesupport (5.2.5) lib/active_support/tagged_logging.rb:28:in `tagged'
activesupport (5.2.5) lib/active_support/tagged_logging.rb:71:in `tagged'
railties (5.2.5) lib/rails/rack/logger.rb:26:in `call'
sprockets-rails (3.2.2) lib/sprockets/rails/quiet_assets.rb:13:in `call'
actionpack (5.2.5) lib/action_dispatch/middleware/remote_ip.rb:81:in `call'
actionpack (5.2.5) lib/action_dispatch/middleware/request_id.rb:27:in `call'
rack (2.2.3) lib/rack/method_override.rb:24:in `call'
rack (2.2.3) lib/rack/runtime.rb:22:in `call'
activesupport (5.2.5) lib/active_support/cache/strategy/local_cache_middleware.rb:29:in `call'
actionpack (5.2.5) lib/action_dispatch/middleware/executor.rb:14:in `call'
actionpack (5.2.5) lib/action_dispatch/middleware/static.rb:127:in `call'
rack (2.2.3) lib/rack/sendfile.rb:110:in `call'
railties (5.2.5) lib/rails/engine.rb:524:in `call'
puma (3.12.6) lib/puma/configuration.rb:227:in `call'
puma (3.12.6) lib/puma/server.rb:706:in `handle_request'
puma (3.12.6) lib/puma/server.rb:476:in `process_client'
puma (3.12.6) lib/puma/server.rb:334:in `block in run'
puma (3.12.6) lib/puma/thread_pool.rb:135:in `block in spawn_thread'
Started GET "/" for 114.188.237.229 at 2021-06-01 03:43:48 +0000
Cannot render console from 114.188.237.229! Allowed networks: 127.0.0.1, ::1, 127.0.0.0/127.255.255.255
  
ActiveRecord::PendingMigrationError (

Migrations are pending. To resolve this issue, run:

        bin/rails db:migrate RAILS_ENV=development

):
  
activerecord (5.2.5) lib/active_record/migration.rb:579:in `check_pending!'
activerecord (5.2.5) lib/active_record/migration.rb:556:in `call'
actionpack (5.2.5) lib/action_dispatch/middleware/callbacks.rb:28:in `block in call'
activesupport (5.2.5) lib/active_support/callbacks.rb:98:in `run_callbacks'
actionpack (5.2.5) lib/action_dispatch/middleware/callbacks.rb:26:in `call'
actionpack (5.2.5) lib/action_dispatch/middleware/executor.rb:14:in `call'
actionpack (5.2.5) lib/action_dispatch/middleware/debug_exceptions.rb:61:in `call'
web-console (3.7.0) lib/web_console/middleware.rb:135:in `call_app'
web-console (3.7.0) lib/web_console/middleware.rb:22:in `block in call'
web-console (3.7.0) lib/web_console/middleware.rb:20:in `catch'
web-console (3.7.0) lib/web_console/middleware.rb:20:in `call'
actionpack (5.2.5) lib/action_dispatch/middleware/show_exceptions.rb:33:in `call'
railties (5.2.5) lib/rails/rack/logger.rb:38:in `call_app'
railties (5.2.5) lib/rails/rack/logger.rb:26:in `block in call'
activesupport (5.2.5) lib/active_support/tagged_logging.rb:71:in `block in tagged'
activesupport (5.2.5) lib/active_support/tagged_logging.rb:28:in `tagged'
activesupport (5.2.5) lib/active_support/tagged_logging.rb:71:in `tagged'
railties (5.2.5) lib/rails/rack/logger.rb:26:in `call'
sprockets-rails (3.2.2) lib/sprockets/rails/quiet_assets.rb:13:in `call'
actionpack (5.2.5) lib/action_dispatch/middleware/remote_ip.rb:81:in `call'
actionpack (5.2.5) lib/action_dispatch/middleware/request_id.rb:27:in `call'
rack (2.2.3) lib/rack/method_override.rb:24:in `call'
rack (2.2.3) lib/rack/runtime.rb:22:in `call'
activesupport (5.2.5) lib/active_support/cache/strategy/local_cache_middleware.rb:29:in `call'
actionpack (5.2.5) lib/action_dispatch/middleware/executor.rb:14:in `call'
actionpack (5.2.5) lib/action_dispatch/middleware/static.rb:127:in `call'
rack (2.2.3) lib/rack/sendfile.rb:110:in `call'
railties (5.2.5) lib/rails/engine.rb:524:in `call'
puma (3.12.6) lib/puma/configuration.rb:227:in `call'
puma (3.12.6) lib/puma/server.rb:706:in `handle_request'
puma (3.12.6) lib/puma/server.rb:476:in `process_client'
puma (3.12.6) lib/puma/server.rb:334:in `block in run'
puma (3.12.6) lib/puma/thread_pool.rb:135:in `block in spawn_thread'
Started GET "/" for 114.188.237.229 at 2021-06-01 03:43:50 +0000
Cannot render console from 114.188.237.229! Allowed networks: 127.0.0.1, ::1, 127.0.0.0/127.255.255.255
  
ActiveRecord::PendingMigrationError (

Migrations are pending. To resolve this issue, run:

        bin/rails db:migrate RAILS_ENV=development

):
  
activerecord (5.2.5) lib/active_record/migration.rb:579:in `check_pending!'
activerecord (5.2.5) lib/active_record/migration.rb:556:in `call'
actionpack (5.2.5) lib/action_dispatch/middleware/callbacks.rb:28:in `block in call'
activesupport (5.2.5) lib/active_support/callbacks.rb:98:in `run_callbacks'
actionpack (5.2.5) lib/action_dispatch/middleware/callbacks.rb:26:in `call'
actionpack (5.2.5) lib/action_dispatch/middleware/executor.rb:14:in `call'
actionpack (5.2.5) lib/action_dispatch/middleware/debug_exceptions.rb:61:in `call'
web-console (3.7.0) lib/web_console/middleware.rb:135:in `call_app'
web-console (3.7.0) lib/web_console/middleware.rb:22:in `block in call'
web-console (3.7.0) lib/web_console/middleware.rb:20:in `catch'
web-console (3.7.0) lib/web_console/middleware.rb:20:in `call'
actionpack (5.2.5) lib/action_dispatch/middleware/show_exceptions.rb:33:in `call'
railties (5.2.5) lib/rails/rack/logger.rb:38:in `call_app'
railties (5.2.5) lib/rails/rack/logger.rb:26:in `block in call'
activesupport (5.2.5) lib/active_support/tagged_logging.rb:71:in `block in tagged'
activesupport (5.2.5) lib/active_support/tagged_logging.rb:28:in `tagged'
activesupport (5.2.5) lib/active_support/tagged_logging.rb:71:in `tagged'
railties (5.2.5) lib/rails/rack/logger.rb:26:in `call'
sprockets-rails (3.2.2) lib/sprockets/rails/quiet_assets.rb:13:in `call'
actionpack (5.2.5) lib/action_dispatch/middleware/remote_ip.rb:81:in `call'
actionpack (5.2.5) lib/action_dispatch/middleware/request_id.rb:27:in `call'
rack (2.2.3) lib/rack/method_override.rb:24:in `call'
rack (2.2.3) lib/rack/runtime.rb:22:in `call'
activesupport (5.2.5) lib/active_support/cache/strategy/local_cache_middleware.rb:29:in `call'
actionpack (5.2.5) lib/action_dispatch/middleware/executor.rb:14:in `call'
actionpack (5.2.5) lib/action_dispatch/middleware/static.rb:127:in `call'
rack (2.2.3) lib/rack/sendfile.rb:110:in `call'
railties (5.2.5) lib/rails/engine.rb:524:in `call'
puma (3.12.6) lib/puma/configuration.rb:227:in `call'
puma (3.12.6) lib/puma/server.rb:706:in `handle_request'
puma (3.12.6) lib/puma/server.rb:476:in `process_client'
puma (3.12.6) lib/puma/server.rb:334:in `block in run'
puma (3.12.6) lib/puma/thread_pool.rb:135:in `block in spawn_thread'
Started GET "/" for 114.188.237.229 at 2021-06-01 03:45:34 +0000
Cannot render console from 114.188.237.229! Allowed networks: 127.0.0.1, ::1, 127.0.0.0/127.255.255.255
  
ActiveRecord::PendingMigrationError (

Migrations are pending. To resolve this issue, run:

        bin/rails db:migrate RAILS_ENV=development

):
  
activerecord (5.2.5) lib/active_record/migration.rb:579:in `check_pending!'
activerecord (5.2.5) lib/active_record/migration.rb:556:in `call'
actionpack (5.2.5) lib/action_dispatch/middleware/callbacks.rb:28:in `block in call'
activesupport (5.2.5) lib/active_support/callbacks.rb:98:in `run_callbacks'
actionpack (5.2.5) lib/action_dispatch/middleware/callbacks.rb:26:in `call'
actionpack (5.2.5) lib/action_dispatch/middleware/executor.rb:14:in `call'
actionpack (5.2.5) lib/action_dispatch/middleware/debug_exceptions.rb:61:in `call'
web-console (3.7.0) lib/web_console/middleware.rb:135:in `call_app'
web-console (3.7.0) lib/web_console/middleware.rb:22:in `block in call'
web-console (3.7.0) lib/web_console/middleware.rb:20:in `catch'
web-console (3.7.0) lib/web_console/middleware.rb:20:in `call'
actionpack (5.2.5) lib/action_dispatch/middleware/show_exceptions.rb:33:in `call'
railties (5.2.5) lib/rails/rack/logger.rb:38:in `call_app'
railties (5.2.5) lib/rails/rack/logger.rb:26:in `block in call'
activesupport (5.2.5) lib/active_support/tagged_logging.rb:71:in `block in tagged'
activesupport (5.2.5) lib/active_support/tagged_logging.rb:28:in `tagged'
activesupport (5.2.5) lib/active_support/tagged_logging.rb:71:in `tagged'
railties (5.2.5) lib/rails/rack/logger.rb:26:in `call'
sprockets-rails (3.2.2) lib/sprockets/rails/quiet_assets.rb:13:in `call'
actionpack (5.2.5) lib/action_dispatch/middleware/remote_ip.rb:81:in `call'
actionpack (5.2.5) lib/action_dispatch/middleware/request_id.rb:27:in `call'
rack (2.2.3) lib/rack/method_override.rb:24:in `call'
rack (2.2.3) lib/rack/runtime.rb:22:in `call'
activesupport (5.2.5) lib/active_support/cache/strategy/local_cache_middleware.rb:29:in `call'
actionpack (5.2.5) lib/action_dispatch/middleware/executor.rb:14:in `call'
actionpack (5.2.5) lib/action_dispatch/middleware/static.rb:127:in `call'
rack (2.2.3) lib/rack/sendfile.rb:110:in `call'
railties (5.2.5) lib/rails/engine.rb:524:in `call'
puma (3.12.6) lib/puma/configuration.rb:227:in `call'
puma (3.12.6) lib/puma/server.rb:706:in `handle_request'
puma (3.12.6) lib/puma/server.rb:476:in `process_client'
puma (3.12.6) lib/puma/server.rb:334:in `block in run'
puma (3.12.6) lib/puma/thread_pool.rb:135:in `block in spawn_thread'
  [1m[35m (0.1ms)[0m  [1m[34mSELECT sqlite_version(*)[0m
  ↳ bin/rails:9
  [1m[35m (9.3ms)[0m  [1m[35mCREATE TABLE "schema_migrations" ("version" varchar NOT NULL PRIMARY KEY)[0m
  ↳ bin/rails:9
  [1m[35m (8.8ms)[0m  [1m[35mCREATE TABLE "ar_internal_metadata" ("key" varchar NOT NULL PRIMARY KEY, "value" varchar, "created_at" datetime NOT NULL, "updated_at" datetime NOT NULL)[0m
  ↳ bin/rails:9
  [1m[35m (0.1ms)[0m  [1m[34mSELECT "schema_migrations"."version" FROM "schema_migrations" ORDER BY "schema_migrations"."version" ASC[0m
  ↳ bin/rails:9
Migrating to CreateBooks (20200915014227)
  [1m[35m (0.0ms)[0m  [1m[36mbegin transaction[0m
  ↳ bin/rails:9
  [1m[35m (1.5ms)[0m  [1m[35mCREATE TABLE "books" ("id" integer PRIMARY KEY AUTOINCREMENT NOT NULL, "body" text, "created_at" datetime NOT NULL, "updated_at" datetime NOT NULL)[0m
  ↳ db/migrate/20200915014227_create_books.rb:3
  [1m[36mActiveRecord::SchemaMigration Create (0.1ms)[0m  [1m[32mINSERT INTO "schema_migrations" ("version") VALUES (?)[0m  [["version", "20200915014227"]]
  ↳ bin/rails:9
  [1m[35m (6.9ms)[0m  [1m[36mcommit transaction[0m
  ↳ bin/rails:9
  [1m[36mActiveRecord::InternalMetadata Load (0.1ms)[0m  [1m[34mSELECT  "ar_internal_metadata".* FROM "ar_internal_metadata" WHERE "ar_internal_metadata"."key" = ? LIMIT ?[0m  [["key", "environment"], ["LIMIT", 1]]
  ↳ bin/rails:9
  [1m[35m (0.1ms)[0m  [1m[36mbegin transaction[0m
  ↳ bin/rails:9
  [1m[36mActiveRecord::InternalMetadata Create (2.8ms)[0m  [1m[32mINSERT INTO "ar_internal_metadata" ("key", "value", "created_at", "updated_at") VALUES (?, ?, ?, ?)[0m  [["key", "environment"], ["value", "development"], ["created_at", "2021-06-01 03:46:06.699628"], ["updated_at", "2021-06-01 03:46:06.699628"]]
  ↳ bin/rails:9
  [1m[35m (5.4ms)[0m  [1m[36mcommit transaction[0m
  ↳ bin/rails:9
  [1m[35m (0.1ms)[0m  [1m[34mSELECT "schema_migrations"."version" FROM "schema_migrations" ORDER BY "schema_migrations"."version" ASC[0m
  ↳ bin/rails:9
Started GET "/" for 114.188.237.229 at 2021-06-01 03:46:13 +0000
Cannot render console from 114.188.237.229! Allowed networks: 127.0.0.1, ::1, 127.0.0.0/127.255.255.255
  [1m[35m (0.1ms)[0m  [1m[34mSELECT "schema_migrations"."version" FROM "schema_migrations" ORDER BY "schema_migrations"."version" ASC[0m
  ↳ /home/ec2-user/.rvm/gems/ruby-2.6.3/gems/activerecord-5.2.5/lib/active_record/log_subscriber.rb:98
  
LoadError (Unable to autoload constant HomesController, expected /home/ec2-user/environment/bookers1-debug-master/app/controllers/homes_controller.rb to define it):
  
activesupport (5.2.5) lib/active_support/dependencies.rb:511:in `load_missing_constant'
activesupport (5.2.5) lib/active_support/dependencies.rb:195:in `const_missing'
activesupport (5.2.5) lib/active_support/inflector/methods.rb:283:in `const_get'
activesupport (5.2.5) lib/active_support/inflector/methods.rb:283:in `block in constantize'
activesupport (5.2.5) lib/active_support/inflector/methods.rb:281:in `each'
activesupport (5.2.5) lib/active_support/inflector/methods.rb:281:in `inject'
activesupport (5.2.5) lib/active_support/inflector/methods.rb:281:in `constantize'
activesupport (5.2.5) lib/active_support/dependencies.rb:582:in `get'
activesupport (5.2.5) lib/active_support/dependencies.rb:613:in `constantize'
actionpack (5.2.5) lib/action_dispatch/http/request.rb:88:in `controller_class_for'
actionpack (5.2.5) lib/action_dispatch/http/parameters.rb:101:in `binary_params_for?'
actionpack (5.2.5) lib/action_dispatch/http/parameters.rb:92:in `set_binary_encoding'
actionpack (5.2.5) lib/action_dispatch/http/parameters.rb:69:in `path_parameters='
actionpack (5.2.5) lib/action_dispatch/journey/router.rb:50:in `block in serve'
actionpack (5.2.5) lib/action_dispatch/journey/router.rb:35:in `each'
actionpack (5.2.5) lib/action_dispatch/journey/router.rb:35:in `serve'
actionpack (5.2.5) lib/action_dispatch/routing/route_set.rb:840:in `call'
rack (2.2.3) lib/rack/tempfile_reaper.rb:15:in `call'
rack (2.2.3) lib/rack/etag.rb:27:in `call'
rack (2.2.3) lib/rack/conditional_get.rb:27:in `call'
rack (2.2.3) lib/rack/head.rb:12:in `call'
actionpack (5.2.5) lib/action_dispatch/http/content_security_policy.rb:18:in `call'
rack (2.2.3) lib/rack/session/abstract/id.rb:266:in `context'
rack (2.2.3) lib/rack/session/abstract/id.rb:260:in `call'
actionpack (5.2.5) lib/action_dispatch/middleware/cookies.rb:670:in `call'
activerecord (5.2.5) lib/active_record/migration.rb:559:in `call'
actionpack (5.2.5) lib/action_dispatch/middleware/callbacks.rb:28:in `block in call'
activesupport (5.2.5) lib/active_support/callbacks.rb:98:in `run_callbacks'
actionpack (5.2.5) lib/action_dispatch/middleware/callbacks.rb:26:in `call'
actionpack (5.2.5) lib/action_dispatch/middleware/executor.rb:14:in `call'
actionpack (5.2.5) lib/action_dispatch/middleware/debug_exceptions.rb:61:in `call'
web-console (3.7.0) lib/web_console/middleware.rb:135:in `call_app'
web-console (3.7.0) lib/web_console/middleware.rb:22:in `block in call'
web-console (3.7.0) lib/web_console/middleware.rb:20:in `catch'
web-console (3.7.0) lib/web_console/middleware.rb:20:in `call'
actionpack (5.2.5) lib/action_dispatch/middleware/show_exceptions.rb:33:in `call'
railties (5.2.5) lib/rails/rack/logger.rb:38:in `call_app'
railties (5.2.5) lib/rails/rack/logger.rb:26:in `block in call'
activesupport (5.2.5) lib/active_support/tagged_logging.rb:71:in `block in tagged'
activesupport (5.2.5) lib/active_support/tagged_logging.rb:28:in `tagged'
activesupport (5.2.5) lib/active_support/tagged_logging.rb:71:in `tagged'
railties (5.2.5) lib/rails/rack/logger.rb:26:in `call'
sprockets-rails (3.2.2) lib/sprockets/rails/quiet_assets.rb:13:in `call'
actionpack (5.2.5) lib/action_dispatch/middleware/remote_ip.rb:81:in `call'
actionpack (5.2.5) lib/action_dispatch/middleware/request_id.rb:27:in `call'
rack (2.2.3) lib/rack/method_override.rb:24:in `call'
rack (2.2.3) lib/rack/runtime.rb:22:in `call'
activesupport (5.2.5) lib/active_support/cache/strategy/local_cache_middleware.rb:29:in `call'
actionpack (5.2.5) lib/action_dispatch/middleware/executor.rb:14:in `call'
actionpack (5.2.5) lib/action_dispatch/middleware/static.rb:127:in `call'
rack (2.2.3) lib/rack/sendfile.rb:110:in `call'
railties (5.2.5) lib/rails/engine.rb:524:in `call'
puma (3.12.6) lib/puma/configuration.rb:227:in `call'
puma (3.12.6) lib/puma/server.rb:706:in `handle_request'
puma (3.12.6) lib/puma/server.rb:476:in `process_client'
puma (3.12.6) lib/puma/server.rb:334:in `block in run'
puma (3.12.6) lib/puma/thread_pool.rb:135:in `block in spawn_thread'
Started GET "/" for 114.188.237.229 at 2021-06-01 03:48:05 +0000
Cannot render console from 114.188.237.229! Allowed networks: 127.0.0.1, ::1, 127.0.0.0/127.255.255.255
Processing by HomesController#top as HTML
  Rendering homes/top.html.erb within layouts/application
  Rendered homes/top.html.erb within layouts/application (0.5ms)
Completed 500 Internal Server Error in 248ms (ActiveRecord: 0.0ms)


  
ActionView::Template::Error (require_tree argument must be a directory):
     5:     <%= csrf_meta_tags %>
     6:     <%= csp_meta_tag %>
     7: 
     8:     <%= stylesheet_link_tag    'application', media: 'all', 'data-turbolinks-track': 'reload' %>
     9:     <%= javascript_include_tag 'application', 'data-turbolinks-track': 'reload' %>
    10:   </head>
    11: 
  
app/assets/javascripts/cable.js:6
app/views/layouts/application.html.erb:8:in `_app_views_layouts_application_html_erb___1019767559179474278_70098631670620'
Started GET "/" for 114.188.237.229 at 2021-06-01 03:56:20 +0000
Cannot render console from 114.188.237.229! Allowed networks: 127.0.0.1, ::1, 127.0.0.0/127.255.255.255
Processing by HomesController#top as HTML
  Rendering homes/top.html.erb within layouts/application
  Rendered homes/top.html.erb within layouts/application (0.5ms)
Completed 500 Internal Server Error in 20ms (ActiveRecord: 0.0ms)


  
ActionView::Template::Error (require_tree argument must be a directory):
     5:     <%= csrf_meta_tags %>
     6:     <%= csp_meta_tag %>
     7: 
     8:     <%= stylesheet_link_tag    'application', media: 'all', 'data-turbolinks-track': 'reload' %>
     9:     <%= javascript_include_tag 'application', 'data-turbolinks-track': 'reload' %>
    10:   </head>
    11: 
  
app/assets/javascripts/cable.js:6
app/views/layouts/application.html.erb:8:in `_app_views_layouts_application_html_erb___1019767559179474278_39172000'
Started GET "/" for 114.188.237.229 at 2021-06-01 04:01:14 +0000
Cannot render console from 114.188.237.229! Allowed networks: 127.0.0.1, ::1, 127.0.0.0/127.255.255.255
Processing by HomesController#top as HTML
  Rendering homes/top.html.erb within layouts/application
  Rendered homes/top.html.erb within layouts/application (0.5ms)
Completed 200 OK in 476ms (Views: 475.6ms | ActiveRecord: 0.0ms)


Started GET "/books" for 114.188.237.229 at 2021-06-01 04:01:56 +0000
Cannot render console from 114.188.237.229! Allowed networks: 127.0.0.1, ::1, 127.0.0.0/127.255.255.255
  [1m[35m (0.1ms)[0m  [1m[34mSELECT "schema_migrations"."version" FROM "schema_migrations" ORDER BY "schema_migrations"."version" ASC[0m
  ↳ /home/ec2-user/.rvm/gems/ruby-2.6.3/gems/activerecord-5.2.5/lib/active_record/log_subscriber.rb:98
Processing by BooksController#index as HTML
  Rendering books/index.html.erb within layouts/application
  [1m[36mBook Load (0.1ms)[0m  [1m[34mSELECT "books".* FROM "books"[0m
  ↳ app/views/books/index.html.erb:13
  Rendered books/_form.html.erb (9.6ms)
  Rendered books/index.html.erb within layouts/application (16.9ms)
Completed 200 OK in 251ms (Views: 236.2ms | ActiveRecord: 0.7ms)


Started POST "/books" for 114.188.237.229 at 2021-06-01 04:02:08 +0000
Cannot render console from 114.188.237.229! Allowed networks: 127.0.0.1, ::1, 127.0.0.0/127.255.255.255
Processing by BooksController#create as HTML
  Parameters: {"utf8"=>"✓", "authenticity_token"=>"NSOyWx3kfVrk54OcxgE4MIir9Rgklqs3vMUWYqnndNGWaMmYkzHlitGpqsnvh0BvNiSjAbmFq3L73xG7xPvJ4Q", "book"=>{"title"=>"test", "body"=>"test"}, "commit"=>"Create Book"}
Completed 500 Internal Server Error in 1ms (ActiveRecord: 0.0ms)


  
ActiveModel::UnknownAttributeError (unknown attribute 'title' for Book.):
  
app/controllers/books_controller.rb:11:in `create'
  [1m[35m (0.1ms)[0m  [1m[34mSELECT "schema_migrations"."version" FROM "schema_migrations" ORDER BY "schema_migrations"."version" ASC[0m
  ↳ bin/rails:9
Migrating to AddTitleToBooks (20210601040650)
  [1m[35m (0.1ms)[0m  [1m[36mbegin transaction[0m
  ↳ bin/rails:9
  [1m[35m (6.8ms)[0m  [1m[35mALTER TABLE "books" ADD "title" varchar[0m
  ↳ db/migrate/20210601040650_add_title_to_books.rb:3
  [1m[36mActiveRecord::SchemaMigration Create (0.1ms)[0m  [1m[32mINSERT INTO "schema_migrations" ("version") VALUES (?)[0m  [["version", "20210601040650"]]
  ↳ bin/rails:9
  [1m[35m (6.0ms)[0m  [1m[36mcommit transaction[0m
  ↳ bin/rails:9
  [1m[36mActiveRecord::InternalMetadata Load (0.1ms)[0m  [1m[34mSELECT  "ar_internal_metadata".* FROM "ar_internal_metadata" WHERE "ar_internal_metadata"."key" = ? LIMIT ?[0m  [["key", "environment"], ["LIMIT", 1]]
  ↳ bin/rails:9
  [1m[35m (0.0ms)[0m  [1m[36mbegin transaction[0m
  ↳ bin/rails:9
  [1m[35m (0.0ms)[0m  [1m[36mcommit transaction[0m
  ↳ bin/rails:9
  [1m[35m (0.1ms)[0m  [1m[34mSELECT "schema_migrations"."version" FROM "schema_migrations" ORDER BY "schema_migrations"."version" ASC[0m
  ↳ bin/rails:9
Started GET "/books" for 114.188.237.229 at 2021-06-01 04:07:26 +0000
Cannot render console from 114.188.237.229! Allowed networks: 127.0.0.1, ::1, 127.0.0.0/127.255.255.255
  [1m[35m (0.1ms)[0m  [1m[34mSELECT "schema_migrations"."version" FROM "schema_migrations" ORDER BY "schema_migrations"."version" ASC[0m
  ↳ /home/ec2-user/.rvm/gems/ruby-2.6.3/gems/activerecord-5.2.5/lib/active_record/log_subscriber.rb:98
Processing by BooksController#index as HTML
  Rendering books/index.html.erb within layouts/application
  [1m[36mBook Load (0.1ms)[0m  [1m[34mSELECT "books".* FROM "books"[0m
  ↳ app/views/books/index.html.erb:13
  Rendered books/_form.html.erb (6.1ms)
  Rendered books/index.html.erb within layouts/application (10.6ms)
Completed 200 OK in 273ms (Views: 262.0ms | ActiveRecord: 0.6ms)


Started POST "/books" for 114.188.237.229 at 2021-06-01 04:07:32 +0000
Cannot render console from 114.188.237.229! Allowed networks: 127.0.0.1, ::1, 127.0.0.0/127.255.255.255
Processing by BooksController#create as HTML
  Parameters: {"utf8"=>"✓", "authenticity_token"=>"oKy7UiYfcFUOwb9FoyN6jsa60BhtrEDybVoz3gSBGS8D58CRqMrohTuPlhCKpQLReDWGAfC_QLcqQDQHaZ2kHw", "book"=>{"title"=>"test", "body"=>"test"}, "commit"=>"Create Book"}
  [1m[35m (0.1ms)[0m  [1m[36mbegin transaction[0m
  ↳ app/controllers/books_controller.rb:12
  [1m[36mBook Create (2.0ms)[0m  [1m[32mINSERT INTO "books" ("body", "created_at", "updated_at", "title") VALUES (?, ?, ?, ?)[0m  [["body", "test"], ["created_at", "2021-06-01 04:07:32.322682"], ["updated_at", "2021-06-01 04:07:32.322682"], ["title", "test"]]
  ↳ app/controllers/books_controller.rb:12
  [1m[35m (5.0ms)[0m  [1m[36mcommit transaction[0m
  ↳ app/controllers/books_controller.rb:12
Redirected to https://6768dd390f52426abde50942086b9cb7.vfs.cloud9.us-east-1.amazonaws.com/books/1
Completed 302 Found in 14ms (ActiveRecord: 7.1ms)


Started GET "/books/1" for 114.188.237.229 at 2021-06-01 04:07:32 +0000
Cannot render console from 114.188.237.229! Allowed networks: 127.0.0.1, ::1, 127.0.0.0/127.255.255.255
Processing by BooksController#show as HTML
  Parameters: {"id"=>"1"}
  [1m[36mBook Load (0.2ms)[0m  [1m[34mSELECT  "books".* FROM "books" WHERE "books"."id" = ? LIMIT ?[0m  [["id", 1], ["LIMIT", 1]]
  ↳ app/controllers/books_controller.rb:21
  Rendering books/show.html.erb within layouts/application
  Rendered books/show.html.erb within layouts/application (0.6ms)
Completed 200 OK in 36ms (Views: 31.9ms | ActiveRecord: 0.2ms)


Started GET "/books" for 114.188.237.229 at 2021-06-01 04:07:34 +0000
Cannot render console from 114.188.237.229! Allowed networks: 127.0.0.1, ::1, 127.0.0.0/127.255.255.255
Processing by BooksController#index as HTML
  Rendering books/index.html.erb within layouts/application
  [1m[36mBook Load (0.1ms)[0m  [1m[34mSELECT "books".* FROM "books"[0m
  ↳ app/views/books/index.html.erb:13
  Rendered books/index.html.erb within layouts/application (3.9ms)
Completed 500 Internal Server Error in 8ms (ActiveRecord: 0.1ms)


  
ActionView::Template::Error (No route matches {:action=>"show", :controller=>"books"}, missing required keys: [:id]):
    14:       <tr>
    15:         <td><%= book.title %></td>
    16:         <td><%= book.body %></td>
    17:         <td><%= link_to 'Show', book_path, class: "show_#{book.id}" %></td>
    18:         <td><%= link_to 'Edit', edit_book_path(book.id), class: "edit_#{book.id}" %></td>
    19:         <td><%= link_to 'Destroy', book_path, method: :delete, data: { confirm: 'Are you sure?' }, class: "destroy_#{book.id}" %></td>
    20:       </tr>
  
app/views/books/index.html.erb:17:in `block in _app_views_books_index_html_erb__32808150081945272_70295562038000'
app/views/books/index.html.erb:13:in `_app_views_books_index_html_erb__32808150081945272_70295562038000'
Started GET "/books" for 114.188.237.229 at 2021-06-01 04:08:23 +0000
Cannot render console from 114.188.237.229! Allowed networks: 127.0.0.1, ::1, 127.0.0.0/127.255.255.255
Processing by BooksController#index as HTML
  Rendering books/index.html.erb within layouts/application
  [1m[36mBook Load (0.1ms)[0m  [1m[34mSELECT "books".* FROM "books"[0m
  ↳ app/views/books/index.html.erb:13
  Rendered books/index.html.erb within layouts/application (3.7ms)
Completed 500 Internal Server Error in 9ms (ActiveRecord: 0.1ms)


  
ActionView::Template::Error (No route matches {:action=>"show", :controller=>"books"}, missing required keys: [:id]):
    16:         <td><%= book.body %></td>
    17:         <td><%= link_to 'Show', book_path(book.id), class: "show_#{book.id}" %></td>
    18:         <td><%= link_to 'Edit', edit_book_path(book.id), class: "edit_#{book.id}" %></td>
    19:         <td><%= link_to 'Destroy', book_path, method: :delete, data: { confirm: 'Are you sure?' }, class: "destroy_#{book.id}" %></td>
    20:       </tr>
    21:     <% end %>
    22:   </tbody>
  
app/views/books/index.html.erb:19:in `block in _app_views_books_index_html_erb__32808150081945272_70295662785920'
app/views/books/index.html.erb:13:in `_app_views_books_index_html_erb__32808150081945272_70295662785920'
Started GET "/books" for 114.188.237.229 at 2021-06-01 04:08:40 +0000
Cannot render console from 114.188.237.229! Allowed networks: 127.0.0.1, ::1, 127.0.0.0/127.255.255.255
Processing by BooksController#index as HTML
  Rendering books/index.html.erb within layouts/application
  [1m[36mBook Load (0.1ms)[0m  [1m[34mSELECT "books".* FROM "books"[0m
  ↳ app/views/books/index.html.erb:13
  Rendered books/index.html.erb within layouts/application (3.2ms)
Completed 500 Internal Server Error in 8ms (ActiveRecord: 0.1ms)


  
ActionView::Template::Error (No route matches {:action=>"show", :controller=>"books"}, missing required keys: [:id]):
    16:         <td><%= book.body %></td>
    17:         <td><%= link_to 'Show', book_path(book.id), class: "show_#{book.id}" %></td>
    18:         <td><%= link_to 'Edit', edit_book_path(book.id), class: "edit_#{book.id}" %></td>
    19:         <td><%= link_to 'Destroy', book_path, method: :delete, data: { confirm: 'Are you sure?' } %></td>
    20:       </tr>
    21:     <% end %>
    22:   </tbody>
  
app/views/books/index.html.erb:19:in `block in _app_views_books_index_html_erb__32808150081945272_70295508275880'
app/views/books/index.html.erb:13:in `_app_views_books_index_html_erb__32808150081945272_70295508275880'
Started GET "/books" for 114.188.237.229 at 2021-06-01 04:08:59 +0000
Cannot render console from 114.188.237.229! Allowed networks: 127.0.0.1, ::1, 127.0.0.0/127.255.255.255
Processing by BooksController#index as HTML
  Rendering books/index.html.erb within layouts/application
  [1m[36mBook Load (2.6ms)[0m  [1m[34mSELECT "books".* FROM "books"[0m
  ↳ app/views/books/index.html.erb:13
  Rendered books/index.html.erb within layouts/application (11.4ms)
Completed 500 Internal Server Error in 21ms (ActiveRecord: 2.6ms)


  
ActionView::Template::Error (No route matches {:action=>"show", :controller=>"books"}, missing required keys: [:id]):
    16:         <td><%= book.body %></td>
    17:         <td><%= link_to 'Show', book_path(book.id), class: "show_#{book.id}" %></td>
    18:         <td><%= link_to 'Edit', edit_book_path(book.id), class: "edit_#{book.id}" %></td>
    19:         <td><%= link_to 'Destroy', book_path(), method: :delete, data: { confirm: 'Are you sure?' }, class: "destroy_#{book.id}" %></td>
    20:       </tr>
    21:     <% end %>
    22:   </tbody>
  
app/views/books/index.html.erb:19:in `block in _app_views_books_index_html_erb__32808150081945272_70295506355160'
app/views/books/index.html.erb:13:in `_app_views_books_index_html_erb__32808150081945272_70295506355160'
Started GET "/books" for 114.188.237.229 at 2021-06-01 04:09:01 +0000
Cannot render console from 114.188.237.229! Allowed networks: 127.0.0.1, ::1, 127.0.0.0/127.255.255.255
Processing by BooksController#index as HTML
  Rendering books/index.html.erb within layouts/application
  [1m[36mBook Load (0.1ms)[0m  [1m[34mSELECT "books".* FROM "books"[0m
  ↳ app/views/books/index.html.erb:13
  Rendered books/index.html.erb within layouts/application (5.5ms)
Completed 500 Internal Server Error in 12ms (ActiveRecord: 0.1ms)


  
ActionView::Template::Error (No route matches {:action=>"show", :controller=>"books"}, missing required keys: [:id]):
    16:         <td><%= book.body %></td>
    17:         <td><%= link_to 'Show', book_path(book.id), class: "show_#{book.id}" %></td>
    18:         <td><%= link_to 'Edit', edit_book_path(book.id), class: "edit_#{book.id}" %></td>
    19:         <td><%= link_to 'Destroy', book_path(), method: :delete, data: { confirm: 'Are you sure?' }, class: "destroy_#{book.id}" %></td>
    20:       </tr>
    21:     <% end %>
    22:   </tbody>
  
app/views/books/index.html.erb:19:in `block in _app_views_books_index_html_erb__32808150081945272_70295564375860'
app/views/books/index.html.erb:13:in `_app_views_books_index_html_erb__32808150081945272_70295564375860'
Started GET "/books" for 114.188.237.229 at 2021-06-01 04:09:09 +0000
Cannot render console from 114.188.237.229! Allowed networks: 127.0.0.1, ::1, 127.0.0.0/127.255.255.255
Processing by BooksController#index as HTML
  Rendering books/index.html.erb within layouts/application
  [1m[36mBook Load (0.1ms)[0m  [1m[34mSELECT "books".* FROM "books"[0m
  ↳ app/views/books/index.html.erb:13
  Rendered books/_form.html.erb (3.5ms)
  Rendered books/index.html.erb within layouts/application (8.8ms)
Completed 200 OK in 59ms (Views: 58.2ms | ActiveRecord: 0.1ms)


Started GET "/books/1/edit" for 114.188.237.229 at 2021-06-01 04:09:14 +0000
Cannot render console from 114.188.237.229! Allowed networks: 127.0.0.1, ::1, 127.0.0.0/127.255.255.255
Processing by BooksController#edit as HTML
  Parameters: {"id"=>"1"}
  [1m[36mBook Load (0.1ms)[0m  [1m[34mSELECT  "books".* FROM "books" WHERE "books"."id" = ? LIMIT ?[0m  [["id", 1], ["LIMIT", 1]]
  ↳ app/controllers/books_controller.rb:25
  Rendering books/edit.html.erb within layouts/application
  Rendered books/_form.html.erb (2.8ms)
  Rendered books/edit.html.erb within layouts/application (5.4ms)
Completed 200 OK in 56ms (Views: 53.6ms | ActiveRecord: 0.1ms)


Started GET "/books" for 114.188.237.229 at 2021-06-01 04:09:16 +0000
Cannot render console from 114.188.237.229! Allowed networks: 127.0.0.1, ::1, 127.0.0.0/127.255.255.255
Processing by BooksController#index as HTML
  Rendering books/index.html.erb within layouts/application
  [1m[36mBook Load (0.1ms)[0m  [1m[34mSELECT "books".* FROM "books"[0m
  ↳ app/views/books/index.html.erb:13
  Rendered books/_form.html.erb (1.6ms)
  Rendered books/index.html.erb within layouts/application (7.6ms)
Completed 200 OK in 39ms (Views: 37.7ms | ActiveRecord: 0.1ms)


Started GET "/books/1" for 114.188.237.229 at 2021-06-01 04:09:17 +0000
Cannot render console from 114.188.237.229! Allowed networks: 127.0.0.1, ::1, 127.0.0.0/127.255.255.255
Processing by BooksController#show as HTML
  Parameters: {"id"=>"1"}
  [1m[36mBook Load (0.1ms)[0m  [1m[34mSELECT  "books".* FROM "books" WHERE "books"."id" = ? LIMIT ?[0m  [["id", 1], ["LIMIT", 1]]
  ↳ app/controllers/books_controller.rb:21
  Rendering books/show.html.erb within layouts/application
  Rendered books/show.html.erb within layouts/application (0.7ms)
Completed 200 OK in 32ms (Views: 30.1ms | ActiveRecord: 0.1ms)


Started GET "/books" for 114.188.237.229 at 2021-06-01 04:09:19 +0000
Cannot render console from 114.188.237.229! Allowed networks: 127.0.0.1, ::1, 127.0.0.0/127.255.255.255
Processing by BooksController#index as HTML
  Rendering books/index.html.erb within layouts/application
  [1m[36mBook Load (0.1ms)[0m  [1m[34mSELECT "books".* FROM "books"[0m
  ↳ app/views/books/index.html.erb:13
  Rendered books/_form.html.erb (2.8ms)
  Rendered books/index.html.erb within layouts/application (7.2ms)
Completed 200 OK in 38ms (Views: 37.1ms | ActiveRecord: 0.1ms)


Started POST "/books" for 114.188.237.229 at 2021-06-01 04:20:01 +0000
Cannot render console from 114.188.237.229! Allowed networks: 127.0.0.1, ::1, 127.0.0.0/127.255.255.255
  [1m[35m (0.1ms)[0m  [1m[34mSELECT "schema_migrations"."version" FROM "schema_migrations" ORDER BY "schema_migrations"."version" ASC[0m
  ↳ /home/ec2-user/.rvm/gems/ruby-2.6.3/gems/activerecord-5.2.5/lib/active_record/log_subscriber.rb:98
Processing by BooksController#create as HTML
  Parameters: {"utf8"=>"✓", "authenticity_token"=>"6ajwADiCyrZcQokY98q9BtcCM12g_XKlhlyDxMcbd6tK44vDtldSZmkMoE3eTMVZaY1lRD3ucuDBRoQdqgfKmw", "book"=>{"title"=>"", "body"=>""}, "commit"=>"Create Book"}
  [1m[35m (0.1ms)[0m  [1m[36mbegin transaction[0m
  ↳ app/controllers/books_controller.rb:12
  [1m[35m (0.1ms)[0m  [1m[31mrollback transaction[0m
  ↳ app/controllers/books_controller.rb:12
  Rendering books/index.html.erb within layouts/application
  Rendered books/index.html.erb within layouts/application (2.1ms)
Completed 500 Internal Server Error in 42ms (ActiveRecord: 0.7ms)


  
ActionView::Template::Error (undefined method `each' for nil:NilClass):
    10:   </thead>
    11: 
    12:   <tbody>
    13:     <% @books.each do |book| %>
    14:       <tr>
    15:         <td><%= book.title %></td>
    16:         <td><%= book.body %></td>
  
app/views/books/index.html.erb:13:in `_app_views_books_index_html_erb___3978474238077061703_28397740'
app/controllers/books_controller.rb:16:in `create'
Started GET "/" for 114.188.237.229 at 2021-06-01 04:24:52 +0000
Cannot render console from 114.188.237.229! Allowed networks: 127.0.0.1, ::1, 127.0.0.0/127.255.255.255
  [1m[35m (0.1ms)[0m  [1m[34mSELECT "schema_migrations"."version" FROM "schema_migrations" ORDER BY "schema_migrations"."version" ASC[0m
  ↳ /home/ec2-user/.rvm/gems/ruby-2.6.3/gems/activerecord-5.2.5/lib/active_record/log_subscriber.rb:98
Processing by HomesController#top as HTML
  Rendering homes/top.html.erb within layouts/application
  Rendered homes/top.html.erb within layouts/application (0.7ms)
Completed 200 OK in 204ms (Views: 199.1ms | ActiveRecord: 0.0ms)


Started GET "/books" for 114.188.237.229 at 2021-06-01 04:24:54 +0000
Cannot render console from 114.188.237.229! Allowed networks: 127.0.0.1, ::1, 127.0.0.0/127.255.255.255
Processing by BooksController#index as HTML
Completed 400 Bad Request in 4ms (ActiveRecord: 0.0ms)


  
ActionController::ParameterMissing (param is missing or the value is empty: book):
  
app/controllers/books_controller.rb:47:in `book_params'
app/controllers/books_controller.rb:6:in `index'
Started GET "/books" for 114.188.237.229 at 2021-06-01 04:26:02 +0000
Cannot render console from 114.188.237.229! Allowed networks: 127.0.0.1, ::1, 127.0.0.0/127.255.255.255
  [1m[35m (0.1ms)[0m  [1m[34mSELECT "schema_migrations"."version" FROM "schema_migrations" ORDER BY "schema_migrations"."version" ASC[0m
  ↳ /home/ec2-user/.rvm/gems/ruby-2.6.3/gems/activerecord-5.2.5/lib/active_record/log_subscriber.rb:98
Processing by BooksController#index as HTML
  Rendering books/index.html.erb within layouts/application
  [1m[36mBook Load (0.2ms)[0m  [1m[34mSELECT "books".* FROM "books"[0m
  ↳ app/views/books/index.html.erb:13
  Rendered books/_form.html.erb (30.8ms)
  Rendered books/index.html.erb within layouts/application (46.2ms)
Completed 200 OK in 363ms (Views: 348.2ms | ActiveRecord: 0.8ms)


Started POST "/books" for 114.188.237.229 at 2021-06-01 04:26:05 +0000
Cannot render console from 114.188.237.229! Allowed networks: 127.0.0.1, ::1, 127.0.0.0/127.255.255.255
Processing by BooksController#create as HTML
  Parameters: {"utf8"=>"✓", "authenticity_token"=>"rWfuPs6eVfsahP_YG9ew8YOqHJDJ0ZVXTuCuznKJ2TQb3QgMDKfKrtbnsEWMsMdU2Kkhzp4LIeXdmwaXibSgFw", "book"=>{"title"=>"", "body"=>""}, "commit"=>"Create Book"}
  [1m[35m (0.1ms)[0m  [1m[36mbegin transaction[0m
  ↳ app/controllers/books_controller.rb:12
  [1m[35m (0.0ms)[0m  [1m[31mrollback transaction[0m
  ↳ app/controllers/books_controller.rb:12
  Rendering books/index.html.erb within layouts/application
  Rendered books/index.html.erb within layouts/application (2.1ms)
Completed 500 Internal Server Error in 23ms (ActiveRecord: 0.1ms)


  
ActionView::Template::Error (undefined method `each' for nil:NilClass):
    10:   </thead>
    11: 
    12:   <tbody>
    13:     <% @books.each do |book| %>
    14:       <tr>
    15:         <td><%= book.title %></td>
    16:         <td><%= book.body %></td>
  
app/views/books/index.html.erb:13:in `_app_views_books_index_html_erb__1571183985636877699_69850395644640'
app/controllers/books_controller.rb:16:in `create'
Started GET "/books" for 114.188.237.229 at 2021-06-01 04:27:53 +0000
Cannot render console from 114.188.237.229! Allowed networks: 127.0.0.1, ::1, 127.0.0.0/127.255.255.255
  [1m[35m (0.1ms)[0m  [1m[34mSELECT "schema_migrations"."version" FROM "schema_migrations" ORDER BY "schema_migrations"."version" ASC[0m
  ↳ /home/ec2-user/.rvm/gems/ruby-2.6.3/gems/activerecord-5.2.5/lib/active_record/log_subscriber.rb:98
Processing by BooksController#index as HTML
  Rendering books/index.html.erb within layouts/application
  [1m[36mBook Load (0.1ms)[0m  [1m[34mSELECT "books".* FROM "books"[0m
  ↳ app/views/books/index.html.erb:13
  Rendered books/_form.html.erb (4.7ms)
  Rendered books/index.html.erb within layouts/application (7.8ms)
Completed 200 OK in 216ms (Views: 204.7ms | ActiveRecord: 0.7ms)


Started POST "/books" for 114.188.237.229 at 2021-06-01 04:27:53 +0000
Cannot render console from 114.188.237.229! Allowed networks: 127.0.0.1, ::1, 127.0.0.0/127.255.255.255
Processing by BooksController#create as HTML
  Parameters: {"utf8"=>"✓", "authenticity_token"=>"Yu2uKgqP2q_a_iH6fpxJjmiWQ2lhfOtfum0ZvE5t1eHBptXphFpCf--wCK9XGjHR1hkVcPxv6xr9dx5lI3Fo0Q", "book"=>{"title"=>"", "body"=>""}, "commit"=>"Create Book"}
  [1m[35m (0.1ms)[0m  [1m[36mbegin transaction[0m
  ↳ app/controllers/books_controller.rb:13
  [1m[35m (0.0ms)[0m  [1m[31mrollback transaction[0m
  ↳ app/controllers/books_controller.rb:13
  Rendering books/index.html.erb within layouts/application
  [1m[36mBook Load (0.1ms)[0m  [1m[34mSELECT "books".* FROM "books"[0m
  ↳ app/views/books/index.html.erb:13
  Rendered books/_form.html.erb (2.0ms)
  Rendered books/index.html.erb within layouts/application (4.6ms)
Completed 200 OK in 24ms (Views: 19.9ms | ActiveRecord: 0.2ms)


Started GET "/books/1/edit" for 114.188.237.229 at 2021-06-01 04:27:57 +0000
Cannot render console from 114.188.237.229! Allowed networks: 127.0.0.1, ::1, 127.0.0.0/127.255.255.255
Processing by BooksController#edit as HTML
  Parameters: {"id"=>"1"}
  [1m[36mBook Load (0.2ms)[0m  [1m[34mSELECT  "books".* FROM "books" WHERE "books"."id" = ? LIMIT ?[0m  [["id", 1], ["LIMIT", 1]]
  ↳ app/controllers/books_controller.rb:26
  Rendering books/edit.html.erb within layouts/application
  Rendered books/_form.html.erb (1.9ms)
  Rendered books/edit.html.erb within layouts/application (3.1ms)
Completed 200 OK in 22ms (Views: 19.0ms | ActiveRecord: 0.2ms)


Started GET "/books/1/edit?utf8=%E2%9C%93&_method=patch&authenticity_token=ITNwitL9IDBUq0uRdy2eQeWpJpIHM7mwXFUiyNY4hX2AshnZ0PLY5lEphoapVyh9C1HGh90Cu9svai7oMhXXsg&book%5Btitle%5D=test&book%5Bbody%5D=test+update&commit=Update+Book" for 114.188.237.229 at 2021-06-01 04:28:03 +0000
Cannot render console from 114.188.237.229! Allowed networks: 127.0.0.1, ::1, 127.0.0.0/127.255.255.255
Processing by BooksController#edit as HTML
  Parameters: {"utf8"=>"✓", "authenticity_token"=>"ITNwitL9IDBUq0uRdy2eQeWpJpIHM7mwXFUiyNY4hX2AshnZ0PLY5lEphoapVyh9C1HGh90Cu9svai7oMhXXsg", "book"=>{"title"=>"test", "body"=>"test update"}, "commit"=>"Update Book", "id"=>"1"}
  [1m[36mBook Load (0.1ms)[0m  [1m[34mSELECT  "books".* FROM "books" WHERE "books"."id" = ? LIMIT ?[0m  [["id", 1], ["LIMIT", 1]]
  ↳ app/controllers/books_controller.rb:26
  Rendering books/edit.html.erb within layouts/application
  Rendered books/_form.html.erb (1.9ms)
  Rendered books/edit.html.erb within layouts/application (3.2ms)
Completed 200 OK in 21ms (Views: 18.5ms | ActiveRecord: 0.1ms)


Started GET "/books/1" for 114.188.237.229 at 2021-06-01 04:28:13 +0000
Cannot render console from 114.188.237.229! Allowed networks: 127.0.0.1, ::1, 127.0.0.0/127.255.255.255
Processing by BooksController#show as HTML
  Parameters: {"id"=>"1"}
  [1m[36mBook Load (0.1ms)[0m  [1m[34mSELECT  "books".* FROM "books" WHERE "books"."id" = ? LIMIT ?[0m  [["id", 1], ["LIMIT", 1]]
  ↳ app/controllers/books_controller.rb:22
  Rendering books/show.html.erb within layouts/application
  Rendered books/show.html.erb within layouts/application (0.6ms)
Completed 200 OK in 18ms (Views: 16.0ms | ActiveRecord: 0.1ms)


Started GET "/books" for 114.188.237.229 at 2021-06-01 04:28:14 +0000
Cannot render console from 114.188.237.229! Allowed networks: 127.0.0.1, ::1, 127.0.0.0/127.255.255.255
Processing by BooksController#index as HTML
  Rendering books/index.html.erb within layouts/application
  [1m[36mBook Load (0.1ms)[0m  [1m[34mSELECT "books".* FROM "books"[0m
  ↳ app/views/books/index.html.erb:13
  Rendered books/_form.html.erb (1.9ms)
  Rendered books/index.html.erb within layouts/application (7.5ms)
Completed 200 OK in 49ms (Views: 28.6ms | ActiveRecord: 0.1ms)


Started GET "/books/1/edit" for 114.188.237.229 at 2021-06-01 04:28:16 +0000
Cannot render console from 114.188.237.229! Allowed networks: 127.0.0.1, ::1, 127.0.0.0/127.255.255.255
Processing by BooksController#edit as HTML
  Parameters: {"id"=>"1"}
  [1m[36mBook Load (0.1ms)[0m  [1m[34mSELECT  "books".* FROM "books" WHERE "books"."id" = ? LIMIT ?[0m  [["id", 1], ["LIMIT", 1]]
  ↳ app/controllers/books_controller.rb:26
  Rendering books/edit.html.erb within layouts/application
  Rendered books/_form.html.erb (1.7ms)
  Rendered books/edit.html.erb within layouts/application (2.8ms)
Completed 200 OK in 20ms (Views: 18.0ms | ActiveRecord: 0.1ms)


Started GET "/books/1/edit?utf8=%E2%9C%93&_method=patch&authenticity_token=ThPVwAKJVVYjSZ5CDOu2cD62kHCWiMKpGEes8ec8EB3vkryTAIatgCbLU1XSkQBM0E5wZUy5wMJreKDRAxFC0g&book%5Btitle%5D=test+update&book%5Bbody%5D=test+update&commit=Update+Book" for 114.188.237.229 at 2021-06-01 04:28:23 +0000
Cannot render console from 114.188.237.229! Allowed networks: 127.0.0.1, ::1, 127.0.0.0/127.255.255.255
Processing by BooksController#edit as HTML
  Parameters: {"utf8"=>"✓", "authenticity_token"=>"ThPVwAKJVVYjSZ5CDOu2cD62kHCWiMKpGEes8ec8EB3vkryTAIatgCbLU1XSkQBM0E5wZUy5wMJreKDRAxFC0g", "book"=>{"title"=>"test update", "body"=>"test update"}, "commit"=>"Update Book", "id"=>"1"}
  [1m[36mBook Load (0.1ms)[0m  [1m[34mSELECT  "books".* FROM "books" WHERE "books"."id" = ? LIMIT ?[0m  [["id", 1], ["LIMIT", 1]]
  ↳ app/controllers/books_controller.rb:26
  Rendering books/edit.html.erb within layouts/application
  Rendered books/_form.html.erb (1.8ms)
  Rendered books/edit.html.erb within layouts/application (4.5ms)
Completed 200 OK in 22ms (Views: 19.8ms | ActiveRecord: 0.1ms)


Started GET "/books/1/edit?utf8=%E2%9C%93&_method=patch&authenticity_token=ago0eeozKXQ3T_tnb4ErC4WhBQkryhk-u0hv75ZbApjcsNJLKAq2IfsstPr45lyu3qI4V3wQrYwoM8e2bWZ7uw&book%5Btitle%5D=test&book%5Bbody%5D=test+update&commit=Update+Book" for 114.188.237.229 at 2021-06-01 04:29:45 +0000
Cannot render console from 114.188.237.229! Allowed networks: 127.0.0.1, ::1, 127.0.0.0/127.255.255.255
Processing by BooksController#edit as HTML
  Parameters: {"utf8"=>"✓", "authenticity_token"=>"ago0eeozKXQ3T_tnb4ErC4WhBQkryhk-u0hv75ZbApjcsNJLKAq2IfsstPr45lyu3qI4V3wQrYwoM8e2bWZ7uw", "book"=>{"title"=>"test", "body"=>"test update"}, "commit"=>"Update Book", "id"=>"1"}
  [1m[36mBook Load (0.1ms)[0m  [1m[34mSELECT  "books".* FROM "books" WHERE "books"."id" = ? LIMIT ?[0m  [["id", 1], ["LIMIT", 1]]
  ↳ app/controllers/books_controller.rb:26
  Rendering books/edit.html.erb within layouts/application
  Rendered books/_form.html.erb (1.7ms)
  Rendered books/edit.html.erb within layouts/application (2.9ms)
Completed 200 OK in 20ms (Views: 17.8ms | ActiveRecord: 0.1ms)


Started GET "/books/1/edit?utf8=%E2%9C%93&_method=patch&authenticity_token=ago0eeozKXQ3T_tnb4ErC4WhBQkryhk-u0hv75ZbApjcsNJLKAq2IfsstPr45lyu3qI4V3wQrYwoM8e2bWZ7uw&book%5Btitle%5D=test&book%5Bbody%5D=test+update&commit=Update+Book" for 114.188.237.229 at 2021-06-01 04:31:03 +0000
Cannot render console from 114.188.237.229! Allowed networks: 127.0.0.1, ::1, 127.0.0.0/127.255.255.255
Processing by BooksController#edit as HTML
  Parameters: {"utf8"=>"✓", "authenticity_token"=>"ago0eeozKXQ3T_tnb4ErC4WhBQkryhk-u0hv75ZbApjcsNJLKAq2IfsstPr45lyu3qI4V3wQrYwoM8e2bWZ7uw", "book"=>{"title"=>"test", "body"=>"test update"}, "commit"=>"Update Book", "id"=>"1"}
  [1m[36mBook Load (0.1ms)[0m  [1m[34mSELECT  "books".* FROM "books" WHERE "books"."id" = ? LIMIT ?[0m  [["id", 1], ["LIMIT", 1]]
  ↳ app/controllers/books_controller.rb:26
  Rendering books/edit.html.erb within layouts/application
  Rendered books/_form.html.erb (1.8ms)
  Rendered books/edit.html.erb within layouts/application (2.9ms)
Completed 200 OK in 20ms (Views: 17.9ms | ActiveRecord: 0.1ms)


Started PATCH "/books/1" for 114.188.237.229 at 2021-06-01 04:31:05 +0000
Cannot render console from 114.188.237.229! Allowed networks: 127.0.0.1, ::1, 127.0.0.0/127.255.255.255
Processing by BooksController#update as HTML
  Parameters: {"utf8"=>"✓", "authenticity_token"=>"ysaeWBEIis7hiLlXh05yhE0GXmmt96_1CGmTkNXpKSF8fHhq0zEVmy3r9soQKQUhFgVjN_otG0ebEjvJLtRQAg", "book"=>{"title"=>"test", "body"=>"test"}, "commit"=>"Update Book", "id"=>"1"}
  [1m[36mBook Load (0.1ms)[0m  [1m[34mSELECT  "books".* FROM "books" WHERE "books"."id" = ? LIMIT ?[0m  [["id", 1], ["LIMIT", 1]]
  ↳ app/controllers/books_controller.rb:30
  [1m[35m (0.1ms)[0m  [1m[36mbegin transaction[0m
  ↳ app/controllers/books_controller.rb:31
  [1m[35m (0.1ms)[0m  [1m[36mcommit transaction[0m
  ↳ app/controllers/books_controller.rb:31
Redirected to https://6768dd390f52426abde50942086b9cb7.vfs.cloud9.us-east-1.amazonaws.com/books/1
Completed 302 Found in 5ms (ActiveRecord: 0.2ms)


Started GET "/books/1" for 114.188.237.229 at 2021-06-01 04:31:05 +0000
Cannot render console from 114.188.237.229! Allowed networks: 127.0.0.1, ::1, 127.0.0.0/127.255.255.255
Processing by BooksController#show as HTML
  Parameters: {"id"=>"1"}
  [1m[36mBook Load (0.1ms)[0m  [1m[34mSELECT  "books".* FROM "books" WHERE "books"."id" = ? LIMIT ?[0m  [["id", 1], ["LIMIT", 1]]
  ↳ app/controllers/books_controller.rb:22
  Rendering books/show.html.erb within layouts/application
  Rendered books/show.html.erb within layouts/application (0.6ms)
Completed 200 OK in 18ms (Views: 15.9ms | ActiveRecord: 0.1ms)


